#
# A fatal error has been detected by the Java Runtime Environment:
#
#  EXCEPTION_ACCESS_VIOLATION (0xc0000005) at pc=0x54125c00, pid=5376, tid=10248
#
# JRE version: Java(TM) SE Runtime Environment (7.0_40-b43) (build 1.7.0_40-b43)
# Java VM: Java HotSpot(TM) Client VM (24.0-b56 mixed mode windows-x86 )
# Problematic frame:
# V  [jvm.dll+0x35c00]
#
# Failed to write core dump. Minidumps are not enabled by default on client versions of Windows
#
# If you would like to submit a bug report, please visit:
#   http://bugreport.sun.com/bugreport/crash.jsp
#

---------------  T H R E A D  ---------------

Current thread (0x17c32000):  JavaThread "JDWP Transport Listener: dt_socket" daemon [_thread_in_vm, id=10248, stack(0x17ea0000,0x17ef0000)]

siginfo: ExceptionCode=0xc0000005, reading address 0x00000008

Registers:
EAX=0x03b03960, EBX=0x17c32000, ECX=0x00000000, EDX=0x00000000
ESP=0x17eef304, EBP=0x17eef308, ESI=0x00000000, EDI=0x66a4e15c
EIP=0x54125c00, EFLAGS=0x00010246

Top of Stack: (sp=0x17eef304)
0x17eef304:   17c32130 17eef330 541b0f46 03b03960
0x17eef314:   66a4e15c 17c32130 66a4e174 17c32000
0x17eef324:   00000000 17c32130 17eef3f4 66a4e99c
0x17eef334:   66a363b2 17c32130 03b03960 00000000
0x17eef344:   17eef368 17eef3f4 1813b860 17eef3a4
0x17eef354:   17c42844 17eef374 66a3bd27 17eef374
0x17eef364:   17eef3a8 66a4e890 6d555004 66a52c68
0x17eef374:   17c2c330 0000000b 00000000 00000013 

Instructions: (pc=0x54125c00)
0x54125be0:   8b 0d 18 1a 42 54 85 c9 7e 05 8b 0c 01 eb 02 33
0x54125bf0:   c9 8b 15 1c 1a 42 54 85 d2 7e 05 8b 04 02 eb 03
0x54125c00:   8b 46 08 85 c0 75 0f 33 c9 50 51 e8 10 64 15 00
0x54125c10:   83 c4 08 5e 5d c3 8d 4c 4e 0c 50 51 e8 ff 63 15 


Register to memory mapping:

EAX=0x03b03960 is pointing into object: 0x03a75438

[error occurred during error reporting (printing register info), id 0xc0000005]

Stack: [0x17ea0000,0x17ef0000],  sp=0x17eef304,  free space=316k
Native frames: (J=compiled Java code, j=interpreted, Vv=VM code, C=native code)
V  [jvm.dll+0x35c00]
V  [jvm.dll+0xc0f46]


---------------  P R O C E S S  ---------------

Java Threads: ( => current thread )
  0x17c46400 JavaThread "Service Thread" daemon [_thread_blocked, id=11864, stack(0x17fe0000,0x18030000)]
  0x17c45800 JavaThread "C1 CompilerThread0" daemon [_thread_blocked, id=3084, stack(0x17f90000,0x17fe0000)]
  0x17c38800 JavaThread "JDWP Command Reader" daemon [_thread_in_native, id=6632, stack(0x17f40000,0x17f90000)]
  0x17c34c00 JavaThread "JDWP Event Helper Thread" daemon [_thread_blocked, id=6620, stack(0x17ef0000,0x17f40000)]
=>0x17c32000 JavaThread "JDWP Transport Listener: dt_socket" daemon [_thread_in_vm, id=10248, stack(0x17ea0000,0x17ef0000)]
  0x17c26800 JavaThread "Attach Listener" daemon [_thread_blocked, id=2488, stack(0x17e50000,0x17ea0000)]
  0x17c0f800 JavaThread "Signal Dispatcher" daemon [_thread_blocked, id=10600, stack(0x17e00000,0x17e50000)]
  0x00cea000 JavaThread "Finalizer" daemon [_thread_blocked, id=11188, stack(0x17bb0000,0x17c00000)]
  0x00ce3c00 JavaThread "Reference Handler" daemon [_thread_blocked, id=8860, stack(0x17b60000,0x17bb0000)]
  0x00dad400 JavaThread "main" [_thread_blocked, id=11984, stack(0x00890000,0x008e0000)]

Other Threads:
  0x00ce2800 VMThread [stack: 0x17b10000,0x17b60000] [id=9740]
  0x17c59800 WatcherThread [stack: 0x18030000,0x18080000] [id=13584]

VM state:not at safepoint (normal execution)

VM Mutex/Monitor currently owned by a thread: None

Heap
 def new generation   total 4928K, used 1287K [0x03a60000, 0x03fb0000, 0x08fb0000)
  eden space 4416K,  17% used [0x03a60000, 0x03b21fe0, 0x03eb0000)
  from space 512K, 100% used [0x03f30000, 0x03fb0000, 0x03fb0000)
  to   space 512K,   0% used [0x03eb0000, 0x03eb0000, 0x03f30000)
 tenured generation   total 10944K, used 748K [0x08fb0000, 0x09a60000, 0x13a60000)
   the space 10944K,   6% used [0x08fb0000, 0x0906b090, 0x0906b200, 0x09a60000)
 compacting perm gen  total 12288K, used 3127K [0x13a60000, 0x14660000, 0x17a60000)
   the space 12288K,  25% used [0x13a60000, 0x13d6de90, 0x13d6e000, 0x14660000)
No shared spaces configured.

Card table byte_map: [0x17a60000,0x17b10000] byte_map_base: 0x17a42d00

Polling page: 0x00750000

Code Cache  [0x01a60000, 0x01b20000, 0x03a60000)
 total_blobs=198 nmethods=68 adapters=75 free_code_cache=32022Kb largest_free_block=32790848

Compilation events (10 events):
Event: 3.177 Thread 0x17c45800   63   !         java.util.zip.ZipFile::getEntry (86 bytes)
Event: 3.178 Thread 0x17c45800 nmethod 63 0x01b18c48 code [0x01b18da0, 0x01b191d8]
Event: 3.188 Thread 0x17c45800   64             java.lang.StringBuilder::append (8 bytes)
Event: 3.188 Thread 0x17c45800 nmethod 64 0x01b194c8 code [0x01b195c0, 0x01b1965c]
Event: 3.188 Thread 0x17c45800   65             java.util.jar.Manifest$FastInputStream::readLine (167 bytes)
Event: 3.189 Thread 0x17c45800 nmethod 65 0x01b196c8 code [0x01b197f0, 0x01b19a68]
Event: 3.237 Thread 0x17c45800   66             java.util.Arrays::copyOf (19 bytes)
Event: 3.238 Thread 0x17c45800 nmethod 66 0x01b19cc8 code [0x01b19dd0, 0x01b19f3c]
Event: 3.318 Thread 0x17c45800   67             java.util.zip.ZStreamRef::address (5 bytes)
Event: 3.319 Thread 0x17c45800 nmethod 67 0x01b1a288 code [0x01b1a380, 0x01b1a400]

GC Heap History (2 events):
Event: 3.279 GC heap before
{Heap before GC invocations=0 (full 0):
 def new generation   total 4928K, used 4416K [0x03a60000, 0x03fb0000, 0x08fb0000)
  eden space 4416K, 100% used [0x03a60000, 0x03eb0000, 0x03eb0000)
  from space 512K,   0% used [0x03eb0000, 0x03eb0000, 0x03f30000)
  to   space 512K,   0% used [0x03f30000, 0x03f30000, 0x03fb0000)
 tenured generation   total 10944K, used 0K [0x08fb0000, 0x09a60000, 0x13a60000)
   the space 10944K,   0% used [0x08fb0000, 0x08fb0000, 0x08fb0200, 0x09a60000)
 compacting perm gen  total 12288K, used 3016K [0x13a60000, 0x14660000, 0x17a60000)
   the space 12288K,  24% used [0x13a60000, 0x13d523a0, 0x13d52400, 0x14660000)
No shared spaces configured.
Event: 3.287 GC heap after
Heap after GC invocations=1 (full 0):
 def new generation   total 4928K, used 512K [0x03a60000, 0x03fb0000, 0x08fb0000)
  eden space 4416K,   0% used [0x03a60000, 0x03a60000, 0x03eb0000)
  from space 512K, 100% used [0x03f30000, 0x03fb0000, 0x03fb0000)
  to   space 512K,   0% used [0x03eb0000, 0x03eb0000, 0x03f30000)
 tenured generation   total 10944K, used 748K [0x08fb0000, 0x09a60000, 0x13a60000)
   the space 10944K,   6% used [0x08fb0000, 0x0906b090, 0x0906b200, 0x09a60000)
 compacting perm gen  total 12288K, used 3016K [0x13a60000, 0x14660000, 0x17a60000)
   the space 12288K,  24% used [0x13a60000, 0x13d523a0, 0x13d52400, 0x14660000)
No shared spaces configured.
}

Deoptimization events (0 events):
No events

Internal exceptions (10 events):
Event: 3.308 Thread 0x00dad400 Threw 0x03ac3698 at C:\jdk7u2_32P\jdk7u40\hotspot\src\share\vm\prims\jvm.cpp:1244
Event: 3.309 Thread 0x00dad400 Threw 0x03ac88d8 at C:\jdk7u2_32P\jdk7u40\hotspot\src\share\vm\prims\jvm.cpp:1244
Event: 3.313 Thread 0x00dad400 Threw 0x03ad37f0 at C:\jdk7u2_32P\jdk7u40\hotspot\src\share\vm\prims\jvm.cpp:1244
Event: 3.314 Thread 0x00dad400 Threw 0x03ad86d0 at C:\jdk7u2_32P\jdk7u40\hotspot\src\share\vm\prims\jvm.cpp:1244
Event: 3.317 Thread 0x00dad400 Threw 0x03ae1b48 at C:\jdk7u2_32P\jdk7u40\hotspot\src\share\vm\prims\jvm.cpp:1244
Event: 3.318 Thread 0x00dad400 Threw 0x03ae6170 at C:\jdk7u2_32P\jdk7u40\hotspot\src\share\vm\prims\jvm.cpp:1244
Event: 3.319 Thread 0x00dad400 Threw 0x03aedc80 at C:\jdk7u2_32P\jdk7u40\hotspot\src\share\vm\prims\jvm.cpp:1244
Event: 3.322 Thread 0x00dad400 Threw 0x03af19d0 at C:\jdk7u2_32P\jdk7u40\hotspot\src\share\vm\prims\jvm.cpp:1244
Event: 3.324 Thread 0x00dad400 Threw 0x03af6cf8 at C:\jdk7u2_32P\jdk7u40\hotspot\src\share\vm\prims\jvm.cpp:1244
Event: 3.326 Thread 0x00dad400 Threw 0x03afd168 at C:\jdk7u2_32P\jdk7u40\hotspot\src\share\vm\prims\jvm.cpp:1244

Events (10 events):
Event: 113.546 Executing VM operation: ChangeSingleStep
Event: 113.546 Executing VM operation: ChangeSingleStep done
Event: 113.547 Executing VM operation: ChangeSingleStep
Event: 113.547 Executing VM operation: ChangeSingleStep done
Event: 113.577 Executing VM operation: GetOrSetLocal
Event: 113.577 Executing VM operation: GetOrSetLocal done
Event: 113.581 Executing VM operation: GetOrSetLocal
Event: 113.581 Executing VM operation: GetOrSetLocal done
Event: 114.065 Executing VM operation: GetOrSetLocal
Event: 114.065 Executing VM operation: GetOrSetLocal done


Dynamic libraries:
0x00e30000 - 0x00e5f000 	C:\Program Files\Java\jdk1.7.0_40\bin\javaw.exe
0x77100000 - 0x77269000 	C:\WINDOWS\SYSTEM32\ntdll.dll
0x76020000 - 0x76120000 	C:\WINDOWS\system32\KERNEL32.DLL
0x74630000 - 0x74709000 	C:\WINDOWS\system32\KERNELBASE.dll
0x72f50000 - 0x72ff0000 	C:\WINDOWS\system32\apphelp.dll
0x5f550000 - 0x5f7b5000 	C:\WINDOWS\AppPatch\AcGenral.DLL
0x76880000 - 0x76943000 	C:\WINDOWS\system32\msvcrt.dll
0x75fc0000 - 0x76001000 	C:\WINDOWS\SYSTEM32\sechost.dll
0x743c0000 - 0x743e4000 	C:\WINDOWS\SYSTEM32\SspiCli.dll
0x76ca0000 - 0x76ce5000 	C:\WINDOWS\system32\SHLWAPI.dll
0x73030000 - 0x7311e000 	C:\WINDOWS\SYSTEM32\UxTheme.dll
0x76650000 - 0x767a5000 	C:\WINDOWS\system32\USER32.dll
0x762e0000 - 0x763f2000 	C:\WINDOWS\system32\GDI32.dll
0x74920000 - 0x74943000 	C:\WINDOWS\system32\WINMM.dll
0x70eb0000 - 0x70ec3000 	C:\WINDOWS\SYSTEM32\samcli.dll
0x769e0000 - 0x76b08000 	C:\WINDOWS\system32\ole32.dll
0x76cf0000 - 0x76d85000 	C:\WINDOWS\system32\OLEAUT32.dll
0x69290000 - 0x692a7000 	C:\WINDOWS\SYSTEM32\MSACM32.dll
0x711e0000 - 0x711e8000 	C:\WINDOWS\SYSTEM32\VERSION.dll
0x74ab0000 - 0x75d5c000 	C:\WINDOWS\system32\SHELL32.dll
0x73ac0000 - 0x73adb000 	C:\WINDOWS\SYSTEM32\USERENV.dll
0x728f0000 - 0x7290a000 	C:\WINDOWS\SYSTEM32\dwmapi.dll
0x6d1e0000 - 0x6d32b000 	C:\WINDOWS\SYSTEM32\urlmon.dll
0x74a30000 - 0x74aac000 	C:\WINDOWS\system32\ADVAPI32.dll
0x702f0000 - 0x70355000 	C:\WINDOWS\SYSTEM32\WINSPOOL.DRV
0x6d010000 - 0x6d026000 	C:\WINDOWS\SYSTEM32\MPR.dll
0x767b0000 - 0x76880000 	C:\WINDOWS\system32\RPCRT4.dll
0x76b20000 - 0x76c9d000 	C:\WINDOWS\SYSTEM32\combase.dll
0x74600000 - 0x74623000 	C:\WINDOWS\system32\WINMMBASE.dll
0x74550000 - 0x7455f000 	C:\WINDOWS\SYSTEM32\profapi.dll
0x6cd70000 - 0x6cfa2000 	C:\WINDOWS\SYSTEM32\iertutil.dll
0x6cb90000 - 0x6cd65000 	C:\WINDOWS\SYSTEM32\WININET.dll
0x748e0000 - 0x7491c000 	C:\WINDOWS\SYSTEM32\cfgmgr32.dll
0x745c0000 - 0x745e1000 	C:\WINDOWS\system32\DEVOBJ.dll
0x76950000 - 0x769db000 	C:\WINDOWS\system32\SHCORE.DLL
0x762a0000 - 0x762c6000 	C:\WINDOWS\system32\IMM32.DLL
0x76fe0000 - 0x770f2000 	C:\WINDOWS\system32\MSCTF.dll
0x73d10000 - 0x73f16000 	C:\WINDOWS\WinSxS\x86_microsoft.windows.common-controls_6595b64144ccf1df_6.0.9600.17415_none_a9ed7f470139b3c1\COMCTL32.dll
0x5fa80000 - 0x5fb3e000 	C:\Program Files\Java\jdk1.7.0_40\jre\bin\msvcr100.dll
0x540f0000 - 0x54470000 	C:\Program Files\Java\jdk1.7.0_40\jre\bin\client\jvm.dll
0x69e90000 - 0x69e98000 	C:\WINDOWS\SYSTEM32\WSOCK32.dll
0x76b10000 - 0x76b16000 	C:\WINDOWS\system32\PSAPI.DLL
0x76d90000 - 0x76de0000 	C:\WINDOWS\system32\WS2_32.dll
0x76140000 - 0x76147000 	C:\WINDOWS\system32\NSI.dll
0x71aa0000 - 0x71aac000 	C:\Program Files\Java\jdk1.7.0_40\jre\bin\verify.dll
0x68450000 - 0x68470000 	C:\Program Files\Java\jdk1.7.0_40\jre\bin\java.dll
0x66a30000 - 0x66a5a000 	C:\Program Files\Java\jdk1.7.0_40\jre\bin\jdwp.dll
0x70790000 - 0x70797000 	C:\Program Files\Java\jdk1.7.0_40\jre\bin\npt.dll
0x67cd0000 - 0x67ce3000 	C:\Program Files\Java\jdk1.7.0_40\jre\bin\zip.dll
0x6d550000 - 0x6d558000 	C:\Program Files\Java\jdk1.7.0_40\jre\bin\dt_socket.dll
0x69e70000 - 0x69e81000 	C:\WINDOWS\system32\napinsp.dll
0x69e10000 - 0x69e26000 	C:\WINDOWS\system32\pnrpnsp.dll
0x6f3c0000 - 0x6f3d4000 	C:\WINDOWS\system32\NLAapi.dll
0x73ca0000 - 0x73ceb000 	C:\WINDOWS\System32\mswsock.dll
0x73b10000 - 0x73b8e000 	C:\WINDOWS\SYSTEM32\DNSAPI.dll
0x69e00000 - 0x69e0a000 	C:\WINDOWS\System32\winrnr.dll
0x69df0000 - 0x69e00000 	C:\WINDOWS\system32\wshbth.dll
0x6d820000 - 0x6d866000 	C:\WINDOWS\System32\fwpuclnt.dll
0x68fb0000 - 0x68fb8000 	C:\Windows\System32\rasadhlp.dll
0x674f0000 - 0x67504000 	C:\Program Files\Java\jdk1.7.0_40\jre\bin\net.dll
0x6d650000 - 0x6d670000 	C:\WINDOWS\SYSTEM32\IPHLPAPI.DLL
0x6d640000 - 0x6d648000 	C:\WINDOWS\SYSTEM32\WINNSI.DLL
0x6bf20000 - 0x6c061000 	C:\WINDOWS\SYSTEM32\dbghelp.dll

VM Arguments:
jvm_args: -agentlib:jdwp=transport=dt_socket,suspend=y,address=localhost:55326 -Dfile.encoding=GBK 
java_command: org.liufeng.course.service.FaceService
Launcher Type: SUN_STANDARD

Environment Variables:
JAVA_HOME=C:\Program Files\Java\jdk1.7.0_40
CLASSPATH=.;C:\Program Files\Java\jdk1.7.0_40lib;C:\Program Files\Java\jdk1.7.0_40lib\tools.jar
PATH=C:/Program Files/Java/jdk1.7.0_40/bin/../jre/bin/client;C:/Program Files/Java/jdk1.7.0_40/bin/../jre/bin;C:/Program Files/Java/jdk1.7.0_40/bin/../jre/lib/i386;D:\app\sunjiali110\product\11.2.0\dbhome_1\bin;C:\Program Files\Java\jdk1.7.0_40\bin;C:\Program Files\Java\jdk1.7.0_40\jre\bin;;C:\WINDOWS\system32;C:\WINDOWS;C:\WINDOWS\system32\wbem;D:\Program Files\apache-maven-3.1.1\bin;C:\WINDOWS\System32\Wbem;C:\WINDOWS\System32\WindowsPowerShell\v1.0\;C:\Program Files\Intel\WiFi\bin\;C:\Program Files\Common Files\Intel\WirelessCommon\;D:\android-sdk_r16-windows\android-sdk-windows\platform-tools;D:\android-sdk_r16-windows\android-sdk-windows\tools;C:\Program Files\MySQL\MySQL Server 5.0\bin;D:\Program Files\Rational\common;D:\apache-ant-1.9.4-bin\apache-ant-1.9.4/bin;C:\Program Files\EgisTec BioExcess\;D:\IDE\android-ndk-r9d-windows-x86\android-ndk-r9d;D:\Program Files\Microsoft Visual Studio\Common\Tools\WinNT;D:\Program Files\Microsoft Visual Studio\Common\MSDev98\Bin;D:\Program Files\Microsoft Visual Studio\Common\Tools;D:\Program Files\Microsoft Visual Studio\VC98\bin;C:\Program Files\Intel\WiFi\bin\;C:\Program Files\Common Files\Intel\WirelessCommon\;D:\android-sdk_r14-windows\android-sdk-windows\platform-tools;D:\android-sdk_r14-windows\android-sdk-windows\tools;D:\eclipse-bdt-win32\eclipse;
USERNAME=sunjiali110
OS=Windows_NT
PROCESSOR_IDENTIFIER=x86 Family 6 Model 37 Stepping 5, GenuineIntel



---------------  S Y S T E M  ---------------

OS: Windows 8 Build 9200 

CPU:total 4 (2 cores per cpu, 2 threads per core) family 6 model 37 stepping 5, cmov, cx8, fxsr, mmx, sse, sse2, sse3, ssse3, sse4.1, sse4.2, popcnt, ht, tsc, tscinvbit

Memory: 4k page, physical 3134048k(1465016k free), swap 6279776k(3289404k free)

vm_info: Java HotSpot(TM) Client VM (24.0-b56) for windows-x86 JRE (1.7.0_40-b43), built on Aug 26 2013 22:34:40 by "java_re" with unknown MS VC++:1600

time: Wed May 13 14:16:16 2015
elapsed time: 114 seconds

